2025-12-08 07:28:19.378 +01:00 [INF] Launching FFmpeg Video Player example.
2025-12-08 07:28:19.413 +01:00 [DBG] [FFmpegInitializer] Initializing FFmpeg for windows-x64
2025-12-08 07:28:19.413 +01:00 [INF] Initializing FFmpeg for windows-x64...
2025-12-08 07:28:19.434 +01:00 [DBG] [FFmpegInitializer] Using FFmpeg from: C:\Users\Josef\Documents\Github\FFmpegVideoPlayer.Avalonia\examples\FFmpegVideoPlayerExample\bin\Debug\net8.0\runtimes\win-x64\native
2025-12-08 07:28:19.440 +01:00 [DBG] [FFmpegInitializer] FFmpeg libavcodec version: 62.11.100
2025-12-08 07:28:19.440 +01:00 [INF] FFmpeg initialized successfully (libavcodec: 62.11.100)
2025-12-08 07:28:26.478 +01:00 [DBG] [VideoPlayerControl] File selected from picker: C:\Users\Josef\Downloads\It.2017.1080p.BRRip.6CH.MkvCage.mkv
2025-12-08 07:28:26.478 +01:00 [DBG] [VideoPlayerControl] Open called with path: C:\Users\Josef\Downloads\It.2017.1080p.BRRip.6CH.MkvCage.mkv
2025-12-08 07:28:26.478 +01:00 [DBG] [VideoPlayerControl] Calling _mediaPlayer.Open...
2025-12-08 07:28:26.494 +01:00 [DBG] [FFmpegMediaPlayer] Audio: sampleRate=48000, channels=6
2025-12-08 07:28:26.496 +01:00 [DBG] [FFmpegMediaPlayer] SwrContext initialized successfully
2025-12-08 07:28:26.496 +01:00 [DBG] [AudioPlayer] Initializing: sampleRate=48000, inputChannels=2, outputChannels=2
2025-12-08 07:28:26.500 +01:00 [DBG] [AudioPlayer] Audio device opened successfully
2025-12-08 07:28:26.514 +01:00 [DBG] [AudioPlayer] Audio thread started
2025-12-08 07:28:26.514 +01:00 [DBG] [FFmpegMediaPlayer] AudioPlayer created successfully
2025-12-08 07:28:26.514 +01:00 [DBG] [VideoPlayerControl] _mediaPlayer.Open returned: True
2025-12-08 07:28:26.514 +01:00 [DBG] [VideoPlayerControl] Media loaded successfully, raising MediaOpened event
2025-12-08 07:28:26.515 +01:00 [INF] Media opened: C:\Users\Josef\Downloads\It.2017.1080p.BRRip.6CH.MkvCage.mkv
2025-12-08 07:28:26.516 +01:00 [DBG] [VideoPlayerControl] After Open: _hasMediaLoaded=True, IsPlaying=False
2025-12-08 07:28:26.516 +01:00 [DBG] [VideoPlayerControl] Calling Play after successful open
2025-12-08 07:28:26.517 +01:00 [INF] Playback started: C:\Users\Josef\Downloads\It.2017.1080p.BRRip.6CH.MkvCage.mkv
2025-12-08 07:28:26.533 +01:00 [DBG] [AudioPlayer] Initial playback start with 8 queued buffers
2025-12-08 07:28:40.866 +01:00 [INF] Playback paused: C:\Users\Josef\Downloads\It.2017.1080p.BRRip.6CH.MkvCage.mkv
2025-12-08 07:34:40.480 +01:00 [INF] Playback started: C:\Users\Josef\Downloads\It.2017.1080p.BRRip.6CH.MkvCage.mkv
2025-12-08 07:35:16.245 +01:00 [DBG] [FFmpegMediaPlayer] Dropping video frame to keep UI responsive.
2025-12-08 07:35:16.276 +01:00 [DBG] [FFmpegMediaPlayer] Dropping video frame to keep UI responsive.
2025-12-08 07:35:16.323 +01:00 [DBG] [FFmpegMediaPlayer] Dropping video frame to keep UI responsive.
2025-12-08 07:35:16.369 +01:00 [DBG] [FFmpegMediaPlayer] Dropping video frame to keep UI responsive.
2025-12-08 07:35:16.400 +01:00 [DBG] [FFmpegMediaPlayer] Dropping video frame to keep UI responsive.
